<?xml version="1.0" encoding="UTF-8"?>
<!-- Generated by org.testng.reporters.JUnitReportReporter -->
<testsuite hostname="DESKTOP-IH2TBC9" failures="0" tests="2" name="practice_ConfigAnnotations.CreateContactTest" time="0.002" errors="0" timestamp="16 May 2025 07:50:50 GMT" skipped="0">
  <testcase classname="practice_ConfigAnnotations.CreateContactTest" name="createContactWithDate" time="0.002"/>
  <testcase classname="practice_ConfigAnnotations.CreateContactTest" name="createContact" time="0.000"/>
</testsuite> <!-- practice_ConfigAnnotations.CreateContactTest -->
