<?xml version="1.0" encoding="UTF-8"?>
<!-- Generated by org.testng.reporters.JUnitReportReporter -->
<testsuite hostname="DESKTOP-IH2TBC9" failures="0" tests="1" name="practice.ContactTest.CreateContactWithOrgTest1$Contactsusing_searchingorganisation" time="31.621" errors="0" timestamp="07 May 2025 05:57:57 GMT" skipped="0">
  <testcase classname="practice.ContactTest.CreateContactWithOrgTest1$Contactsusing_searchingorganisation" name="testcase1" time="31.621"/>
</testsuite> <!-- practice.ContactTest.CreateContactWithOrgTest1$Contactsusing_searchingorganisation -->
