<?xml version="1.0" encoding="UTF-8"?>
<!-- Generated by org.testng.reporters.JUnitReportReporter -->
<testsuite hostname="DESKTOP-IH2TBC9" failures="0" tests="4" name="practice_testng.createContact_UsingDataProviderTest2" time="0.012" errors="0" timestamp="15 May 2025 07:55:12 GMT" skipped="0">
  <testcase classname="practice_testng.createContact_UsingDataProviderTest2" name="createContactTest" time="0.008"/>
  <testcase classname="practice_testng.createContact_UsingDataProviderTest2" name="createContactTest" time="0.001"/>
  <testcase classname="practice_testng.createContact_UsingDataProviderTest2" name="createContactTest" time="0.002"/>
  <testcase classname="practice_testng.createContact_UsingDataProviderTest2" name="createContactTest" time="0.001"/>
</testsuite> <!-- practice_testng.createContact_UsingDataProviderTest2 -->
