<?xml version="1.0" encoding="UTF-8"?>
<!-- Generated by org.testng.reporters.JUnitReportReporter -->
<testsuite hostname="DESKTOP-IH2TBC9" failures="0" tests="2" name="practice_ConfigAnnotations.CreateOrgTest" time="0.007" errors="0" timestamp="16 May 2025 07:50:50 GMT" skipped="0">
  <testcase classname="practice_ConfigAnnotations.CreateOrgTest" name="createOrgWithIndusrtyTest" time="0.006"/>
  <testcase classname="practice_ConfigAnnotations.CreateOrgTest" name="createOrganizationTest" time="0.001"/>
</testsuite> <!-- practice_ConfigAnnotations.CreateOrgTest -->
