<?xml version="1.0" encoding="UTF-8"?>
<!-- Generated by org.testng.reporters.JUnitReportReporter -->
<testsuite hostname="DESKTOP-IH2TBC9" failures="0" tests="2" name="practiceTest.InvoiceTest" time="0.016" errors="0" timestamp="20 May 2025 09:49:17 GMT" skipped="0">
  <testcase classname="practiceTest.InvoiceTest" name="createInvoiceTest" time="0.014"/>
  <testcase classname="practiceTest.InvoiceTest" name="createInvoiceWithContactTest" time="0.002"/>
</testsuite> <!-- practiceTest.InvoiceTest -->
