<?xml version="1.0" encoding="UTF-8"?>
<!-- Generated by org.testng.reporters.JUnitReportReporter -->
<testsuite hostname="DESKTOP-IH2TBC9" failures="0" tests="3" name="practice_testng.createcontactTest" time="0.033" errors="0" timestamp="15 May 2025 06:49:59 GMT" skipped="0">
  <testcase classname="practice_testng.createcontactTest" name="createContactTest" time="0.028"/>
  <testcase classname="practice_testng.createcontactTest" name="deleteContactTest" time="0.002"/>
  <testcase classname="practice_testng.createcontactTest" name="modifyContactTest" time="0.003"/>
</testsuite> <!-- practice_testng.createcontactTest -->
