<?xml version="1.0" encoding="UTF-8"?>
<!-- Generated by org.testng.reporters.JUnitReportReporter -->
<testsuite hostname="DESKTOP-IH2TBC9" failures="0" tests="4" name="practice_testng.createContact_UsingDataProviderTest" time="0.027" errors="0" timestamp="15 May 2025 09:37:21 GMT" skipped="0">
  <testcase classname="practice_testng.createContact_UsingDataProviderTest" name="createContactTest" time="0.003"/>
  <testcase classname="practice_testng.createContact_UsingDataProviderTest" name="createContactTest" time="0.002"/>
  <testcase classname="practice_testng.createContact_UsingDataProviderTest" name="createContactTest" time="0.003"/>
  <testcase classname="practice_testng.createContact_UsingDataProviderTest" name="createContactTest" time="0.019"/>
</testsuite> <!-- practice_testng.createContact_UsingDataProviderTest -->
