<?xml version="1.0" encoding="UTF-8"?>
<!-- Generated by org.testng.reporters.JUnitReportReporter -->
<testsuite hostname="DESKTOP-IH2TBC9" failures="0" tests="2" name="practice_testng.SampleTest" time="0.008" errors="0" timestamp="15 May 2025 05:20:54 GMT" skipped="0">
  <testcase classname="practice_testng.SampleTest" name="createContactwithMoblieNumberTest" time="0.001"/>
  <testcase classname="practice_testng.SampleTest" name="createContactTest" time="0.007"/>
</testsuite> <!-- practice_testng.SampleTest -->
