<?xml version="1.0" encoding="UTF-8"?>
<!-- Generated by org.testng.reporters.JUnitReportReporter -->
<testsuite hostname="DESKTOP-IH2TBC9" failures="0" tests="11" name="practice_testng.orderTest" time="0.027" errors="0" timestamp="15 May 2025 06:52:22 GMT" skipped="1">
  <testcase classname="practice_testng.orderTest" name="createOrderTest" time="0.002"/>
  <testcase classname="practice_testng.orderTest" name="createOrderTest" time="0.002"/>
  <testcase classname="practice_testng.orderTest" name="createOrderTest" time="0.001"/>
  <testcase classname="practice_testng.orderTest" name="createOrderTest" time="0.001"/>
  <testcase classname="practice_testng.orderTest" name="createOrderTest" time="0.001"/>
  <testcase classname="practice_testng.orderTest" name="createOrderTest" time="0.001"/>
  <testcase classname="practice_testng.orderTest" name="createOrderTest" time="0.001"/>
  <testcase classname="practice_testng.orderTest" name="createOrderTest" time="0.002"/>
  <testcase classname="practice_testng.orderTest" name="createOrderTest" time="0.014"/>
  <testcase classname="practice_testng.orderTest" name="createOrderTest" time="0.002"/>
  <testcase classname="practice_testng.orderTest" name="billingAnOrderTest">
    <skipped/>
  </testcase> <!-- billingAnOrderTest -->
</testsuite> <!-- practice_testng.orderTest -->
