<?xml version="1.0" encoding="UTF-8"?>
<!-- Generated by org.testng.reporters.JUnitReportReporter -->
<testsuite hostname="DESKTOP-IH2TBC9" failures="0" tests="1" name="com.sample_CrudWithoutBDD.SampleTestForCompleteUpdateTest" time="1.390" errors="0" timestamp="2025-06-20T10:50:39 IST" skipped="0">
  <testcase classname="com.sample_CrudWithoutBDD.SampleTestForCompleteUpdateTest" name="updateDataInServer" time="1.390"/>
</testsuite> <!-- com.sample_CrudWithoutBDD.SampleTestForCompleteUpdateTest -->
