<?xml version="1.0" encoding="UTF-8"?>
<!-- Generated by org.testng.reporters.JUnitReportReporter -->
<testsuite hostname="DESKTOP-IH2TBC9" failures="0" tests="12" name="DataDrivenTesting.AddMultipleProjectTest" time="18.431" errors="0" timestamp="2025-06-28T09:55:53 IST" skipped="0">
  <testcase classname="DataDrivenTesting.AddMultipleProjectTest" name="mulipleProject" time="1.130"/>
  <testcase classname="DataDrivenTesting.AddMultipleProjectTest" name="mulipleProject" time="1.129"/>
  <testcase classname="DataDrivenTesting.AddMultipleProjectTest" name="mulipleProject" time="1.147"/>
  <testcase classname="DataDrivenTesting.AddMultipleProjectTest" name="mulipleProject" time="6.051"/>
  <testcase classname="DataDrivenTesting.AddMultipleProjectTest" name="mulipleProject" time="1.121"/>
  <testcase classname="DataDrivenTesting.AddMultipleProjectTest" name="mulipleProject" time="1.117"/>
  <testcase classname="DataDrivenTesting.AddMultipleProjectTest" name="mulipleProject" time="1.123"/>
  <testcase classname="DataDrivenTesting.AddMultipleProjectTest" name="mulipleProject" time="1.115"/>
  <testcase classname="DataDrivenTesting.AddMultipleProjectTest" name="mulipleProject" time="1.122"/>
  <testcase classname="DataDrivenTesting.AddMultipleProjectTest" name="mulipleProject" time="1.124"/>
  <testcase classname="DataDrivenTesting.AddMultipleProjectTest" name="mulipleProject" time="1.129"/>
  <testcase classname="DataDrivenTesting.AddMultipleProjectTest" name="mulipleProject" time="1.123"/>
</testsuite> <!-- DataDrivenTesting.AddMultipleProjectTest -->
