<?xml version="1.0" encoding="UTF-8"?>
<!-- Generated by org.testng.reporters.JUnitReportReporter -->
<testsuite hostname="DESKTOP-IH2TBC9" failures="0" tests="1" name="com.sample_CrudWithoutBDD.SampleTestForPartialUpdateTest" time="1.371" errors="0" timestamp="2025-06-20T11:00:16 IST" skipped="0">
  <testcase classname="com.sample_CrudWithoutBDD.SampleTestForPartialUpdateTest" name="patchDataToServer" time="1.371"/>
</testsuite> <!-- com.sample_CrudWithoutBDD.SampleTestForPartialUpdateTest -->
