<?xml version="1.0" encoding="UTF-8"?>
<!-- Generated by org.testng.reporters.JUnitReportReporter -->
<testsuite hostname="DESKTOP-IH2TBC9" failures="0" tests="1" name="practiceResponseValidation.VerifyDataComplex_JsonXpath" time="1.414" errors="0" timestamp="2025-06-25T17:46:09 IST" skipped="0">
  <testcase classname="practiceResponseValidation.VerifyDataComplex_JsonXpath" name="responseBodyValidationWithJsonXpath" time="1.414"/>
</testsuite> <!-- practiceResponseValidation.VerifyDataComplex_JsonXpath -->
