<?xml version="1.0" encoding="UTF-8"?>
<testng-results ignored="2" total="3" passed="1" failed="0" skipped="0">
  <reporter-output>
  </reporter-output>
  <suite started-at="2025-05-22T09:53:46Z" name="Default suite" finished-at="2025-05-22T09:54:47Z" duration-ms="61399">
    <groups>
    </groups>
    <test started-at="2025-05-22T09:53:46Z" name="Default test" finished-at="2025-05-22T09:54:47Z" duration-ms="61399">
      <class name="practice_testng.SampleReportTest">
        <test-method is-config="true" signature="configBS()[pri:0, instance:practice_testng.SampleReportTest@4b41dd5c]" started-at="2025-05-22T09:53:45Z" name="configBS" finished-at="2025-05-22T09:53:46Z" duration-ms="421" status="PASS">
          <reporter-output>
          </reporter-output>
        </test-method> <!-- configBS -->
        <test-method signature="createContactTest()[pri:0, instance:practice_testng.SampleReportTest@4b41dd5c]" started-at="2025-05-22T09:53:46Z" name="createContactTest" finished-at="2025-05-22T09:54:47Z" duration-ms="61370" status="PASS">
          <reporter-output>
          </reporter-output>
        </test-method> <!-- createContactTest -->
        <test-method is-config="true" signature="configAS()[pri:0, instance:practice_testng.SampleReportTest@4b41dd5c]" started-at="2025-05-22T09:54:47Z" name="configAS" finished-at="2025-05-22T09:54:48Z" duration-ms="734" status="PASS">
          <reporter-output>
          </reporter-output>
        </test-method> <!-- configAS -->
      </class> <!-- practice_testng.SampleReportTest -->
    </test> <!-- Default test -->
  </suite> <!-- Default suite -->
</testng-results>
