<?xml version="1.0" encoding="UTF-8"?>
<!-- Generated by org.testng.reporters.JUnitXMLReporter -->
<testsuite ignored="2" hostname="DESKTOP-IH2TBC9" failures="0" tests="1" name="Default test" time="61.399" errors="0" timestamp="22 May 2025 09:54:47 GMT">
  <testcase classname="practice_testng.SampleReportTest" name="createContactTest" time="61.37"/>
  <testcase classname="practice_testng.SampleReportTest" name="createContactWithOrg" time="0.0">
    <ignored/>
  </testcase> <!-- createContactWithOrg -->
  <testcase classname="practice_testng.SampleReportTest" name="createContactWithPhoneNumber" time="0.0">
    <ignored/>
  </testcase> <!-- createContactWithPhoneNumber -->
</testsuite> <!-- Default test -->
