<?xml version="1.0" encoding="UTF-8"?>
<!-- Generated by org.testng.reporters.JUnitXMLReporter -->
<testsuite ignored="2" hostname="DESKTOP-IH2TBC9" failures="0" tests="4" name="Test" time="0.041" errors="0" timestamp="16 May 2025 07:50:49 GMT">
  <testcase classname="practice_ConfigAnnotations.CreateOrgTest" name="createOrgWithIndusrtyTest" time="0.006"/>
  <testcase classname="practice_ConfigAnnotations.CreateOrgTest" name="createOrganizationTest" time="0.001"/>
  <testcase classname="practice_ConfigAnnotations.CreateContactTest" name="createContact" time="0.0"/>
  <testcase classname="practice_ConfigAnnotations.CreateContactTest" name="createContactWithDate" time="0.002"/>
  <testcase classname="BaseClassUtility.BaseClass" name="@AfterSuite configAS" time="0.0">
    <ignored/>
  </testcase> <!-- @AfterSuite configAS -->
  <testcase classname="BaseClassUtility.BaseClass" name="@BeforeSuite configBS" time="0.0">
    <ignored/>
  </testcase> <!-- @BeforeSuite configBS -->
</testsuite> <!-- Test -->
